<?xml version="1.0" encoding="UTF-8"?>
<!-- Generated by org.testng.reporters.JUnitXMLReporter -->
<testsuite ignored="0" hostname="szwue2vdengp060" failures="0" tests="1" name="ShawClaimX Project Functionalities - Claim Details Module Flow " time="71.424" errors="0" timestamp="2024-03-31T10:52:44 IST">
  <testcase classname="com.shawclaimx.ui.claimdetails.tests.ClaimDetailsTest" name="verifyClaimDetailsTestWithCustomerNumberPage" time="66.758"/>
</testsuite> <!-- ShawClaimX Project Functionalities - Claim Details Module Flow  -->
