<?xml version="1.0" encoding="UTF-8"?>
<testng-results ignored="0" total="1" passed="1" failed="0" skipped="0">
  <reporter-output>
    <line>
      <![CDATA[ Workqueue page is redirected successfully]]>
    </line>
    <line>
      <![CDATA[ userGroupsDropdown value is selected successfully in the workqueue page]]>
    </line>
    <line>
      <![CDATA[ list of claims associated with user is displayed successfully for the selected user]]>
    </line>
    <line>
      <![CDATA[reasoncode  value from the field chooser is added under the workqueue page]]>
    </line>
    <line>
      <![CDATA[Tracedate  value from the field chooser is added under the workqueue page]]>
    </line>
    <line>
      <![CDATA[Claim Age  value from the field chooser is added under the workqueue page]]>
    </line>
    <line>
      <![CDATA[Customer name  value from the field chooser is added under the workqueue page]]>
    </line>
    <line>
      <![CDATA[selected columns from the field chooser is displayed in the workqueue page]]>
    </line>
    <line>
      <![CDATA[Expected Claim Number in the Claim Number# texbox is entered successfully in the workqueue page ]]>
    </line>
    <line>
      <![CDATA[expected Claim number link is clicked successfully]]>
    </line>
    <line>
      <![CDATA[Workqueue happy path automation test passed successfully]]>
    </line>
  </reporter-output>
  <suite started-at="2024-05-28T20:13:51 IST" name="ShawClaimX Project Automation  " finished-at="2024-05-28T20:14:57 IST" duration-ms="65876">
    <groups>
      <group name="Functional Testing">
        <method signature="WorkQueueFlowTest.verifyWorkQueuePage()[pri:1, instance:com.shawclaimx.ui.workqueue.tests.WorkQueueFlowTest@2e1ef60]" name="verifyWorkQueuePage" class="com.shawclaimx.ui.workqueue.tests.WorkQueueFlowTest"/>
      </group> <!-- Functional Testing -->
    </groups>
    <test started-at="2024-05-28T20:13:51 IST" name="ShawClaimX Project Functionalities - WorkQueue Module Flow " finished-at="2024-05-28T20:14:57 IST" duration-ms="65876">
      <class name="com.shawclaimx.ui.workqueue.tests.WorkQueueFlowTest">
        <test-method is-config="true" signature="initializeTestBaseSetup(java.lang.String,java.lang.String)[pri:0, instance:com.shawclaimx.ui.workqueue.tests.WorkQueueFlowTest@2e1ef60]" started-at="2024-05-28T20:13:51 IST" name="initializeTestBaseSetup" finished-at="2024-05-28T20:13:55 IST" duration-ms="3193" status="PASS">
          <params>
            <param index="0">
              <value>
                <![CDATA[chrome]]>
              </value>
            </param>
            <param index="1">
              <value>
                <![CDATA[http://localhost:4200/dashboard]]>
              </value>
            </param>
          </params>
          <reporter-output>
          </reporter-output>
        </test-method> <!-- initializeTestBaseSetup -->
        <test-method is-config="true" signature="setUp()[pri:0, instance:com.shawclaimx.ui.workqueue.tests.WorkQueueFlowTest@2e1ef60]" started-at="2024-05-28T20:13:55 IST" name="setUp" finished-at="2024-05-28T20:13:55 IST" duration-ms="1" status="PASS">
          <reporter-output>
          </reporter-output>
        </test-method> <!-- setUp -->
        <test-method signature="verifyWorkQueuePage()[pri:1, instance:com.shawclaimx.ui.workqueue.tests.WorkQueueFlowTest@2e1ef60]" started-at="2024-05-28T20:13:55 IST" name="verifyWorkQueuePage" finished-at="2024-05-28T20:14:57 IST" duration-ms="61985" status="PASS">
          <reporter-output>
            <line>
              <![CDATA[ Workqueue page is redirected successfully]]>
            </line>
            <line>
              <![CDATA[ userGroupsDropdown value is selected successfully in the workqueue page]]>
            </line>
            <line>
              <![CDATA[ list of claims associated with user is displayed successfully for the selected user]]>
            </line>
            <line>
              <![CDATA[reasoncode  value from the field chooser is added under the workqueue page]]>
            </line>
            <line>
              <![CDATA[Tracedate  value from the field chooser is added under the workqueue page]]>
            </line>
            <line>
              <![CDATA[Claim Age  value from the field chooser is added under the workqueue page]]>
            </line>
            <line>
              <![CDATA[Customer name  value from the field chooser is added under the workqueue page]]>
            </line>
            <line>
              <![CDATA[selected columns from the field chooser is displayed in the workqueue page]]>
            </line>
            <line>
              <![CDATA[Expected Claim Number in the Claim Number# texbox is entered successfully in the workqueue page ]]>
            </line>
            <line>
              <![CDATA[expected Claim number link is clicked successfully]]>
            </line>
            <line>
              <![CDATA[Workqueue happy path automation test passed successfully]]>
            </line>
          </reporter-output>
        </test-method> <!-- verifyWorkQueuePage -->
        <test-method is-config="true" signature="tearDown()[pri:0, instance:com.shawclaimx.ui.workqueue.tests.WorkQueueFlowTest@2e1ef60]" started-at="2024-05-28T20:14:57 IST" name="tearDown" finished-at="2024-05-28T20:14:57 IST" duration-ms="494" status="PASS">
          <reporter-output>
          </reporter-output>
        </test-method> <!-- tearDown -->
      </class> <!-- com.shawclaimx.ui.workqueue.tests.WorkQueueFlowTest -->
    </test> <!-- ShawClaimX Project Functionalities - WorkQueue Module Flow  -->
  </suite> <!-- ShawClaimX Project Automation   -->
</testng-results>
